#
# A fatal error has been detected by the Java Runtime Environment:
#
#  SIGSEGV (0xb) at pc=0x00007fbe680000a8, pid=9222, tid=140456438191872
#
# JRE version: Java(TM) SE Runtime Environment (8.0_73-b02) (build 1.8.0_73-b02)
# Java VM: Java HotSpot(TM) 64-Bit Server VM (25.73-b02 mixed mode linux-amd64 compressed oops)
# Problematic frame:
# C  0x00007fbe680000a8
#
# Failed to write core dump. Core dumps have been disabled. To enable core dumping, try "ulimit -c unlimited" before starting Java again
#
# If you would like to submit a bug report, please visit:
#   http://bugreport.java.com/bugreport/crash.jsp
#

---------------  T H R E A D  ---------------

Current thread (0x00007fbea00ca800):  JavaThread "JDWP Transport Listener: dt_socket" daemon [_thread_in_vm, id=9233, stack(0x00007fbe900ad000,0x00007fbe901ae000)]

siginfo: si_signo: 11 (SIGSEGV), si_code: 2 (SEGV_ACCERR), si_addr: 0x00007fbe680000a8

Registers:
RAX=0x00007fbe680000a8, RBX=0x00007fbe680000b8, RCX=0x00007fbea989f2c0, RDX=0x00007fbea8e78640
RSP=0x00007fbe901ac718, RBP=0x00007fbe901ac730, RSI=0x00007fbea00ca800, RDI=0x00007fbe680000b8
R8 =0x00007fbea00cb310, R9 =0x0000000000000000, R10=0x0000000000000001, R11=0x00007fbea206a0f0
R12=0x0000000000000017, R13=0x00007fbe680000c8, R14=0x00007fbea00ca800, R15=0x00007fbe901ac837
RIP=0x00007fbe680000a8, EFLAGS=0x0000000000010206, CSGSFS=0x0000000000000033, ERR=0x0000000000000015
  TRAPNO=0x000000000000000e

Top of Stack: (sp=0x00007fbe901ac718)
0x00007fbe901ac718:   00007fbea87694d7 0000000000000074
0x00007fbe901ac728:   00007fbea0006e30 00007fbe901ac7a0
0x00007fbe901ac738:   00007fbea85f9cee 00007fbea0006e30
0x00007fbe901ac748:   00007fbe901ac750 00007fbea00ca800
0x00007fbe901ac758:   0000000000000000 00007fbe00000000
0x00007fbe901ac768:   0000000000000000 00007fbe901ac780
0x00007fbe901ac778:   00007fbea7576e40 00007fbe680000c8
0x00007fbe901ac788:   00007fbe901ac837 0000000000000000
0x00007fbe901ac798:   00007fbe901ac837 00007fbe901ac7d0
0x00007fbe901ac7a8:   00007fbea73628c2 00007fbe901ac7d0
0x00007fbe901ac7b8:   00007fbe680000c8 00007fbe901ac8a0
0x00007fbe901ac7c8:   0000000000000000 00007fbe901ac860
0x00007fbe901ac7d8:   00007fbea7343aa0 00007fbe901ac818
0x00007fbe901ac7e8:   00007fbe901ac810 00007fbe901ac808
0x00007fbe901ac7f8:   00007fbe901ac82c 000000016801ca10
0x00007fbe901ac808:   0000000000000000 0000000000000000
0x00007fbe901ac818:   0000000000000000 00007fbe68003f90
0x00007fbe901ac828:   00007fbe901ac8a0 0000000000000002
0x00007fbe901ac838:   0000000000000002 000000000000000f
0x00007fbe901ac848:   0000000000000002 00000000000f0200
0x00007fbe901ac858:   000000000000000f 00007fbe901acab0
0x00007fbe901ac868:   00007fbea734e9c6 00001a7900000013
0x00007fbe901ac878:   00007fbea80f0200 00007fbe60000ba0
0x00007fbe901ac888:   00007fbea00ca9f8 00007fbe901ac8a0
0x00007fbe901ac898:   00007fbe901aca30 00007fbe901ac8f4
0x00007fbe901ac8a8:   00007fbe00000128 00007fbe901ac8b8
0x00007fbe901ac8b8:   0000000000000004 00007fbe901ac8f0
0x00007fbe901ac8c8:   0000000000000000 00007f0000000000
0x00007fbe901ac8d8:   00001a790000001c 0000000000000080
0x00007fbe901ac8e8:   00007fbe901ac8f0 0000000102000000
0x00007fbe901ac8f8:   0000003400000000 342d636578652d07
0x00007fbe901ac908:   65732e656d616e72 6d692e6563697672 

Instructions: (pc=0x00007fbe680000a8)
0x00007fbe68000088:   a0 3f 00 68 be 7f 00 00 a0 3f 00 68 be 7f 00 00
0x00007fbe68000098:   88 00 00 68 be 7f 00 00 88 00 00 68 be 7f 00 00
0x00007fbe680000a8:   98 00 00 68 be 7f 00 00 98 00 00 68 be 7f 00 00
0x00007fbe680000b8:   a8 00 00 68 be 7f 00 00 a8 00 00 68 be 7f 00 00 

Register to memory mapping:

RAX=0x00007fbe680000a8 is an unknown value
RBX=0x00007fbe680000b8 is an unknown value
RCX=0x00007fbea989f2c0: <offset 0x2182c0> in /lib/x86_64-linux-gnu/libpthread.so.0 at 0x00007fbea9687000
RDX=0x00007fbea8e78640: <offset 0xfb5640> in /usr/local/java/jdk1.8.0_73/jre/lib/amd64/server/libjvm.so at 0x00007fbea7ec3000
RSP=0x00007fbe901ac718 is pointing into the stack for thread: 0x00007fbea00ca800
RBP=0x00007fbe901ac730 is pointing into the stack for thread: 0x00007fbea00ca800
RSI=0x00007fbea00ca800 is a thread
RDI=0x00007fbe680000b8 is an unknown value
R8 =0x00007fbea00cb310 is an unknown value
R9 =0x0000000000000000 is an unknown value
R10=0x0000000000000001 is an unknown value
R11=0x00007fbea206a0f0 is an unknown value
R12=0x0000000000000017 is an unknown value
R13=0x00007fbe680000c8 is an unknown value
R14=0x00007fbea00ca800 is a thread
R15=0x00007fbe901ac837 is pointing into the stack for thread: 0x00007fbea00ca800


Stack: [0x00007fbe900ad000,0x00007fbe901ae000],  sp=0x00007fbe901ac718,  free space=1021k
Native frames: (J=compiled Java code, j=interpreted, Vv=VM code, C=native code)
C  0x00007fbe680000a8
V  [libjvm.so+0x736cee]  jvmti_IsMethodSynthetic+0x2be
C  [libjdwp.so+0x258c2]  isMethodSynthetic+0x42
C  [libjdwp.so+0x6aa0]  methods1+0x1b0
C  [libjdwp.so+0x119c6]  debugLoop_run+0x2b6
C  [libjdwp.so+0x24991]  acceptThread+0x111
V  [libjvm.so+0x7a3472]  JvmtiAgentThread::call_start_function()+0xc2
V  [libjvm.so+0xa69cff]  JavaThread::thread_main_inner()+0xdf
V  [libjvm.so+0xa69e2c]  JavaThread::run()+0x11c
V  [libjvm.so+0x91d918]  java_start(Thread*)+0x108
C  [libpthread.so.0+0x76ba]  start_thread+0xca


---------------  P R O C E S S  ---------------

Java Threads: ( => current thread )
  0x00007fbea0010800 JavaThread "DestroyJavaVM" [_thread_blocked, id=9224, stack(0x00007fbea99a0000,0x00007fbea9aa1000)]
  0x00007fbea28c9800 JavaThread "http-nio-8080-AsyncTimeout" daemon [_thread_blocked, id=9304, stack(0x00007fbe40712000,0x00007fbe40813000)]
  0x00007fbea28c8800 JavaThread "http-nio-8080-Acceptor-0" daemon [_thread_in_native, id=9303, stack(0x00007fbe40813000,0x00007fbe40914000)]
  0x00007fbea28c5800 JavaThread "http-nio-8080-ClientPoller-1" daemon [_thread_in_native, id=9302, stack(0x00007fbe40914000,0x00007fbe40a15000)]
  0x00007fbea28ab800 JavaThread "http-nio-8080-ClientPoller-0" daemon [_thread_in_native, id=9301, stack(0x00007fbe40a15000,0x00007fbe40b16000)]
  0x00007fbea288f800 JavaThread "http-nio-8080-exec-10" daemon [_thread_blocked, id=9300, stack(0x00007fbe40b16000,0x00007fbe40c17000)]
  0x00007fbea288d800 JavaThread "http-nio-8080-exec-9" daemon [_thread_blocked, id=9299, stack(0x00007fbe40c17000,0x00007fbe40d18000)]
  0x00007fbea288b800 JavaThread "http-nio-8080-exec-8" daemon [_thread_blocked, id=9298, stack(0x00007fbe40d18000,0x00007fbe40e19000)]
  0x00007fbea2889800 JavaThread "http-nio-8080-exec-7" daemon [_thread_blocked, id=9296, stack(0x00007fbe40e19000,0x00007fbe40f1a000)]
  0x00007fbea2887800 JavaThread "http-nio-8080-exec-6" daemon [_thread_blocked, id=9295, stack(0x00007fbe40f1a000,0x00007fbe4101b000)]
  0x00007fbea2885800 JavaThread "http-nio-8080-exec-5" daemon [_thread_blocked, id=9294, stack(0x00007fbe4101b000,0x00007fbe4111c000)]
  0x00007fbea2883800 JavaThread "http-nio-8080-exec-4" daemon [_thread_blocked, id=9293, stack(0x00007fbe4111c000,0x00007fbe4121d000)]
  0x00007fbea2882000 JavaThread "http-nio-8080-exec-3" daemon [_thread_blocked, id=9292, stack(0x00007fbe4121d000,0x00007fbe4131e000)]
  0x00007fbea2880000 JavaThread "http-nio-8080-exec-2" daemon [_thread_blocked, id=9291, stack(0x00007fbe4131e000,0x00007fbe4141f000)]
  0x00007fbea287f000 JavaThread "http-nio-8080-exec-1" daemon [_thread_blocked, id=9290, stack(0x00007fbe4141f000,0x00007fbe41520000)]
  0x00007fbea287c800 JavaThread "NioBlockingSelector.BlockPoller-1" daemon [_thread_in_native, id=9289, stack(0x00007fbe41d20000,0x00007fbe41e21000)]
  0x00007fbea1a30000 JavaThread "Tomcat JDBC Pool Cleaner[349885916:1501805905080]" daemon [_thread_blocked, id=9286, stack(0x00007fbe42b21000,0x00007fbe42c22000)]
  0x00007fbea14c3000 JavaThread "container-0" [_thread_blocked, id=9285, stack(0x00007fbe4269d000,0x00007fbe4279e000)]
  0x00007fbea14b2000 JavaThread "ContainerBackgroundProcessor[StandardEngine[Tomcat]]" daemon [_thread_blocked, id=9284, stack(0x00007fbe4279e000,0x00007fbe4289f000)]
  0x00007fbea00d8800 JavaThread "Service Thread" daemon [_thread_blocked, id=9278, stack(0x00007fbe83bfc000,0x00007fbe83cfd000)]
  0x00007fbea00d5000 JavaThread "C1 CompilerThread2" daemon [_thread_blocked, id=9277, stack(0x00007fbe83cfd000,0x00007fbe83dfe000)]
  0x00007fbea00d3800 JavaThread "C2 CompilerThread1" daemon [_thread_blocked, id=9276, stack(0x00007fbe83dfe000,0x00007fbe83eff000)]
  0x00007fbea00d0800 JavaThread "C2 CompilerThread0" daemon [_thread_blocked, id=9275, stack(0x00007fbe83eff000,0x00007fbe84000000)]
  0x00007fbe68001000 JavaThread "JDWP Command Reader" daemon [_thread_in_native, id=9271, stack(0x00007fbe8807e000,0x00007fbe8817f000)]
  0x00007fbea00ce000 JavaThread "JDWP Event Helper Thread" daemon [_thread_blocked, id=9234, stack(0x00007fbe8817f000,0x00007fbe88280000)]
=>0x00007fbea00ca800 JavaThread "JDWP Transport Listener: dt_socket" daemon [_thread_in_vm, id=9233, stack(0x00007fbe900ad000,0x00007fbe901ae000)]
  0x00007fbea00bc800 JavaThread "Signal Dispatcher" daemon [_thread_blocked, id=9232, stack(0x00007fbe903b2000,0x00007fbe904b3000)]
  0x00007fbea0085800 JavaThread "Finalizer" daemon [_thread_blocked, id=9231, stack(0x00007fbe904b3000,0x00007fbe905b4000)]
  0x00007fbea0083800 JavaThread "Reference Handler" daemon [_thread_blocked, id=9230, stack(0x00007fbe905b4000,0x00007fbe906b5000)]

Other Threads:
  0x00007fbea007e800 VMThread [stack: 0x00007fbe906b5000,0x00007fbe907b6000] [id=9229]
  0x00007fbea00db800 WatcherThread [stack: 0x00007fbe83afb000,0x00007fbe83bfc000] [id=9279]

VM state:not at safepoint (normal execution)

VM Mutex/Monitor currently owned by a thread: None

Heap:
 PSYoungGen      total 257536K, used 114242K [0x00000000d7000000, 0x00000000edc80000, 0x0000000100000000)
  eden space 242688K, 40% used [0x00000000d7000000,0x00000000dd1127e8,0x00000000e5d00000)
  from space 14848K, 99% used [0x00000000e5d00000,0x00000000e6b7e100,0x00000000e6b80000)
  to   space 20480K, 0% used [0x00000000ec880000,0x00000000ec880000,0x00000000edc80000)
 ParOldGen       total 72704K, used 31710K [0x0000000085000000, 0x0000000089700000, 0x00000000d7000000)
  object space 72704K, 43% used [0x0000000085000000,0x0000000086ef7b90,0x0000000089700000)
 Metaspace       used 55095K, capacity 55610K, committed 56064K, reserved 1097728K
  class space    used 6917K, capacity 7042K, committed 7168K, reserved 1048576K

Card table byte_map: [0x00007fbea5c6c000,0x00007fbea6045000] byte_map_base: 0x00007fbea5844000

Marking Bits: (ParMarkBitMap*) 0x00007fbea8e78100
 Begin Bits: [0x00007fbe88280000, 0x00007fbe8a140000)
 End Bits:   [0x00007fbe8a140000, 0x00007fbe8c000000)

Polling page: 0x00007fbea9ac6000

CodeCache: size=245760Kb used=14438Kb max_used=15508Kb free=231321Kb
 bounds [0x00007fbe91000000, 0x00007fbe91f70000, 0x00007fbea0000000]
 total_blobs=4639 nmethods=3895 adapters=665
 compilation: enabled

Compilation events (10 events):
Event: 396,896 Thread 0x00007fbea00d5000 4663       3       java.nio.StringCharBuffer::get (19 bytes)
Event: 396,896 Thread 0x00007fbea00d5000 nmethod 4663 0x00007fbe91360290 code [0x00007fbe91360420, 0x00007fbe913607f8]
Event: 396,896 Thread 0x00007fbea00d5000 4664       1       org.apache.tomcat.jdbc.pool.ConnectionPool::isClosed (5 bytes)
Event: 396,896 Thread 0x00007fbea00d5000 nmethod 4664 0x00007fbe9135ffd0 code [0x00007fbe91360120, 0x00007fbe91360230]
Event: 400,312 Thread 0x00007fbea00d3800 4665       4       java.util.Collections$UnmodifiableCollection::iterator (9 bytes)
Event: 400,313 Thread 0x00007fbea00d3800 nmethod 4665 0x00007fbe9166de50 code [0x00007fbe9166dfa0, 0x00007fbe9166e0b8]
Event: 416,328 Thread 0x00007fbea00d0800 4666       4       java.util.HashSet::isEmpty (8 bytes)
Event: 416,329 Thread 0x00007fbea00d0800 nmethod 4666 0x00007fbe914c9910 code [0x00007fbe914c9a60, 0x00007fbe914c9b58]
Event: 426,826 Thread 0x00007fbea00d5000 4667       3       java.util.concurrent.ConcurrentHashMap::size (31 bytes)
Event: 426,827 Thread 0x00007fbea00d5000 nmethod 4667 0x00007fbe914c9410 code [0x00007fbe914c9580, 0x00007fbe914c9868]

GC Heap History (10 events):
Event: 35,236 GC heap before
{Heap before GC invocations=7 (full 1):
 PSYoungGen      total 68608K, used 63488K [0x00000000d7000000, 0x00000000dfd00000, 0x0000000100000000)
  eden space 63488K, 100% used [0x00000000d7000000,0x00000000dae00000,0x00000000dae00000)
  from space 5120K, 0% used [0x00000000dae00000,0x00000000dae00000,0x00000000db300000)
  to   space 8704K, 0% used [0x00000000df480000,0x00000000df480000,0x00000000dfd00000)
 ParOldGen       total 43008K, used 6751K [0x0000000085000000, 0x0000000087a00000, 0x00000000d7000000)
  object space 43008K, 15% used [0x0000000085000000,0x0000000085697f00,0x0000000087a00000)
 Metaspace       used 23301K, capacity 23584K, committed 23680K, reserved 1071104K
  class space    used 2845K, capacity 2925K, committed 2944K, reserved 1048576K
Event: 35,245 GC heap after
Heap after GC invocations=7 (full 1):
 PSYoungGen      total 131584K, used 6391K [0x00000000d7000000, 0x00000000dfb00000, 0x0000000100000000)
  eden space 124928K, 0% used [0x00000000d7000000,0x00000000d7000000,0x00000000dea00000)
  from space 6656K, 96% used [0x00000000df480000,0x00000000dfabde68,0x00000000dfb00000)
  to   space 8704K, 0% used [0x00000000dea00000,0x00000000dea00000,0x00000000df280000)
 ParOldGen       total 43008K, used 6759K [0x0000000085000000, 0x0000000087a00000, 0x00000000d7000000)
  object space 43008K, 15% used [0x0000000085000000,0x0000000085699f00,0x0000000087a00000)
 Metaspace       used 23301K, capacity 23584K, committed 23680K, reserved 1071104K
  class space    used 2845K, capacity 2925K, committed 2944K, reserved 1048576K
}
Event: 36,548 GC heap before
{Heap before GC invocations=8 (full 1):
 PSYoungGen      total 131584K, used 131319K [0x00000000d7000000, 0x00000000dfb00000, 0x0000000100000000)
  eden space 124928K, 100% used [0x00000000d7000000,0x00000000dea00000,0x00000000dea00000)
  from space 6656K, 96% used [0x00000000df480000,0x00000000dfabde68,0x00000000dfb00000)
  to   space 8704K, 0% used [0x00000000dea00000,0x00000000dea00000,0x00000000df280000)
 ParOldGen       total 43008K, used 6759K [0x0000000085000000, 0x0000000087a00000, 0x00000000d7000000)
  object space 43008K, 15% used [0x0000000085000000,0x0000000085699f00,0x0000000087a00000)
 Metaspace       used 30017K, capacity 30342K, committed 30720K, reserved 1077248K
  class space    used 3685K, capacity 3774K, committed 3840K, reserved 1048576K
Event: 36,580 GC heap after
Heap after GC invocations=8 (full 1):
 PSYoungGen      total 133632K, used 8693K [0x00000000d7000000, 0x00000000e7780000, 0x0000000100000000)
  eden space 124928K, 0% used [0x00000000d7000000,0x00000000d7000000,0x00000000dea00000)
  from space 8704K, 99% used [0x00000000dea00000,0x00000000df27d498,0x00000000df280000)
  to   space 12288K, 0% used [0x00000000e6b80000,0x00000000e6b80000,0x00000000e7780000)
 ParOldGen       total 43008K, used 12149K [0x0000000085000000, 0x0000000087a00000, 0x00000000d7000000)
  object space 43008K, 28% used [0x0000000085000000,0x0000000085bdd6b0,0x0000000087a00000)
 Metaspace       used 30017K, capacity 30342K, committed 30720K, reserved 1077248K
  class space    used 3685K, capacity 3774K, committed 3840K, reserved 1048576K
}
Event: 37,520 GC heap before
{Heap before GC invocations=9 (full 1):
 PSYoungGen      total 133632K, used 99745K [0x00000000d7000000, 0x00000000e7780000, 0x0000000100000000)
  eden space 124928K, 72% used [0x00000000d7000000,0x00000000dc8eb148,0x00000000dea00000)
  from space 8704K, 99% used [0x00000000dea00000,0x00000000df27d498,0x00000000df280000)
  to   space 12288K, 0% used [0x00000000e6b80000,0x00000000e6b80000,0x00000000e7780000)
 ParOldGen       total 43008K, used 12149K [0x0000000085000000, 0x0000000087a00000, 0x00000000d7000000)
  object space 43008K, 28% used [0x0000000085000000,0x0000000085bdd6b0,0x0000000087a00000)
 Metaspace       used 34878K, capacity 35216K, committed 35496K, reserved 1081344K
  class space    used 4223K, capacity 4325K, committed 4352K, reserved 1048576K
Event: 37,564 GC heap after
Heap after GC invocations=9 (full 1):
 PSYoungGen      total 254976K, used 12256K [0x00000000d7000000, 0x00000000e7d00000, 0x0000000100000000)
  eden space 242688K, 0% used [0x00000000d7000000,0x00000000d7000000,0x00000000e5d00000)
  from space 12288K, 99% used [0x00000000e6b80000,0x00000000e7778178,0x00000000e7780000)
  to   space 14848K, 0% used [0x00000000e5d00000,0x00000000e5d00000,0x00000000e6b80000)
 ParOldGen       total 43008K, used 14927K [0x0000000085000000, 0x0000000087a00000, 0x00000000d7000000)
  object space 43008K, 34% used [0x0000000085000000,0x0000000085e93f38,0x0000000087a00000)
 Metaspace       used 34878K, capacity 35216K, committed 35496K, reserved 1081344K
  class space    used 4223K, capacity 4325K, committed 4352K, reserved 1048576K
}
Event: 37,564 GC heap before
{Heap before GC invocations=10 (full 2):
 PSYoungGen      total 254976K, used 12256K [0x00000000d7000000, 0x00000000e7d00000, 0x0000000100000000)
  eden space 242688K, 0% used [0x00000000d7000000,0x00000000d7000000,0x00000000e5d00000)
  from space 12288K, 99% used [0x00000000e6b80000,0x00000000e7778178,0x00000000e7780000)
  to   space 14848K, 0% used [0x00000000e5d00000,0x00000000e5d00000,0x00000000e6b80000)
 ParOldGen       total 43008K, used 14927K [0x0000000085000000, 0x0000000087a00000, 0x00000000d7000000)
  object space 43008K, 34% used [0x0000000085000000,0x0000000085e93f38,0x0000000087a00000)
 Metaspace       used 34878K, capacity 35216K, committed 35496K, reserved 1081344K
  class space    used 4223K, capacity 4325K, committed 4352K, reserved 1048576K
Event: 37,666 GC heap after
Heap after GC invocations=10 (full 2):
 PSYoungGen      total 254976K, used 0K [0x00000000d7000000, 0x00000000e7d00000, 0x0000000100000000)
  eden space 242688K, 0% used [0x00000000d7000000,0x00000000d7000000,0x00000000e5d00000)
  from space 12288K, 0% used [0x00000000e6b80000,0x00000000e6b80000,0x00000000e7780000)
  to   space 14848K, 0% used [0x00000000e5d00000,0x00000000e5d00000,0x00000000e6b80000)
 ParOldGen       total 72704K, used 22859K [0x0000000085000000, 0x0000000089700000, 0x00000000d7000000)
  object space 72704K, 31% used [0x0000000085000000,0x0000000086652c30,0x0000000089700000)
 Metaspace       used 34878K, capacity 35216K, committed 35496K, reserved 1081344K
  class space    used 4223K, capacity 4325K, committed 4352K, reserved 1048576K
}
Event: 41,338 GC heap before
{Heap before GC invocations=11 (full 2):
 PSYoungGen      total 254976K, used 242688K [0x00000000d7000000, 0x00000000e7d00000, 0x0000000100000000)
  eden space 242688K, 100% used [0x00000000d7000000,0x00000000e5d00000,0x00000000e5d00000)
  from space 12288K, 0% used [0x00000000e6b80000,0x00000000e6b80000,0x00000000e7780000)
  to   space 14848K, 0% used [0x00000000e5d00000,0x00000000e5d00000,0x00000000e6b80000)
 ParOldGen       total 72704K, used 22859K [0x0000000085000000, 0x0000000089700000, 0x00000000d7000000)
  object space 72704K, 31% used [0x0000000085000000,0x0000000086652c30,0x0000000089700000)
 Metaspace       used 51371K, capacity 51858K, committed 52480K, reserved 1095680K
  class space    used 6451K, capacity 6570K, committed 6656K, reserved 1048576K
Event: 41,399 GC heap after
Heap after GC invocations=11 (full 2):
 PSYoungGen      total 257536K, used 14840K [0x00000000d7000000, 0x00000000edc80000, 0x0000000100000000)
  eden space 242688K, 0% used [0x00000000d7000000,0x00000000d7000000,0x00000000e5d00000)
  from space 14848K, 99% used [0x00000000e5d00000,0x00000000e6b7e100,0x00000000e6b80000)
  to   space 20480K, 0% used [0x00000000ec880000,0x00000000ec880000,0x00000000edc80000)
 ParOldGen       total 72704K, used 31710K [0x0000000085000000, 0x0000000089700000, 0x00000000d7000000)
  object space 72704K, 43% used [0x0000000085000000,0x0000000086ef7b90,0x0000000089700000)
 Metaspace       used 51371K, capacity 51858K, committed 52480K, reserved 1095680K
  class space    used 6451K, capacity 6570K, committed 6656K, reserved 1048576K
}

Deoptimization events (10 events):
Event: 162,035 Thread 0x00007fbea2882000 Uncommon trap: reason=bimorphic action=maybe_recompile pc=0x00007fbe91cdc6f4 method=java.util.AbstractList$Itr.next()Ljava/lang/Object; @ 14
Event: 162,036 Thread 0x00007fbea2882000 Uncommon trap: reason=range_check action=none pc=0x00007fbe911f9f64 method=sun.reflect.generics.parser.SignatureParser.current()C @ 34
Event: 162,036 Thread 0x00007fbea2882000 Uncommon trap: reason=range_check action=none pc=0x00007fbe911f9f64 method=sun.reflect.generics.parser.SignatureParser.current()C @ 34
Event: 396,877 Thread 0x00007fbea2883800 Uncommon trap: reason=unhandled action=none pc=0x00007fbe917b9ed0 method=java.net.URLClassLoader.findClass(Ljava/lang/String;)Ljava/lang/Class; @ 44
Event: 396,882 Thread 0x00007fbea2883800 Uncommon trap: reason=range_check action=none pc=0x00007fbe911f9f64 method=sun.reflect.generics.parser.SignatureParser.current()C @ 34
Event: 396,890 Thread 0x00007fbea2883800 Uncommon trap: reason=bimorphic action=maybe_recompile pc=0x00007fbe91cdc6f4 method=java.util.AbstractList$Itr.next()Ljava/lang/Object; @ 14
Event: 396,892 Thread 0x00007fbea2883800 Uncommon trap: reason=unhandled action=none pc=0x00007fbe917b9ed0 method=java.net.URLClassLoader.findClass(Ljava/lang/String;)Ljava/lang/Class; @ 44
Event: 396,893 Thread 0x00007fbea2883800 Uncommon trap: reason=unhandled action=none pc=0x00007fbe917b9ed0 method=java.net.URLClassLoader.findClass(Ljava/lang/String;)Ljava/lang/Class; @ 44
Event: 396,894 Thread 0x00007fbea2883800 Uncommon trap: reason=unhandled action=none pc=0x00007fbe917b9ed0 method=java.net.URLClassLoader.findClass(Ljava/lang/String;)Ljava/lang/Class; @ 44
Event: 396,895 Thread 0x00007fbea2883800 Uncommon trap: reason=unhandled action=none pc=0x00007fbe917b9ed0 method=java.net.URLClassLoader.findClass(Ljava/lang/String;)Ljava/lang/Class; @ 44

Internal exceptions (10 events):
Event: 162,024 Thread 0x00007fbea2882000 Exception <a 'java/lang/ArrayIndexOutOfBoundsException': 175> (0x00000000dcc4d910) thrown at [/HUDSON3/workspace/8-2-build-linux-amd64/jdk8u73/6086/hotspot/src/share/vm/interpreter/interpreterRuntime.cpp, line 366]
Event: 162,024 Thread 0x00007fbea2882000 Exception <a 'java/lang/ArrayIndexOutOfBoundsException': 175> (0x00000000dcc4fe58) thrown at [/HUDSON3/workspace/8-2-build-linux-amd64/jdk8u73/6086/hotspot/src/share/vm/interpreter/interpreterRuntime.cpp, line 366]
Event: 162,025 Thread 0x00007fbea2882000 Exception <a 'java/lang/ArrayIndexOutOfBoundsException': 175> (0x00000000dcc52430) thrown at [/HUDSON3/workspace/8-2-build-linux-amd64/jdk8u73/6086/hotspot/src/share/vm/interpreter/interpreterRuntime.cpp, line 366]
Event: 162,025 Thread 0x00007fbea2882000 Exception <a 'java/lang/ArrayIndexOutOfBoundsException': 175> (0x00000000dcc54a08) thrown at [/HUDSON3/workspace/8-2-build-linux-amd64/jdk8u73/6086/hotspot/src/share/vm/interpreter/interpreterRuntime.cpp, line 366]
Event: 162,025 Thread 0x00007fbea2882000 Exception <a 'java/lang/ArrayIndexOutOfBoundsException': 175> (0x00000000dcc56f70) thrown at [/HUDSON3/workspace/8-2-build-linux-amd64/jdk8u73/6086/hotspot/src/share/vm/interpreter/interpreterRuntime.cpp, line 366]
Event: 162,025 Thread 0x00007fbea2882000 Exception <a 'java/lang/ArrayIndexOutOfBoundsException': 175> (0x00000000dcc59548) thrown at [/HUDSON3/workspace/8-2-build-linux-amd64/jdk8u73/6086/hotspot/src/share/vm/interpreter/interpreterRuntime.cpp, line 366]
Event: 162,034 Thread 0x00007fbea2882000 Exception <a 'java/lang/ArrayIndexOutOfBoundsException': 15> (0x00000000dccf3378) thrown at [/HUDSON3/workspace/8-2-build-linux-amd64/jdk8u73/6086/hotspot/src/share/vm/interpreter/interpreterRuntime.cpp, line 366]
Event: 162,036 Thread 0x00007fbea2882000 Exception <a 'java/lang/ArrayIndexOutOfBoundsException': 38> (0x00000000dccf7a50) thrown at [/HUDSON3/workspace/8-2-build-linux-amd64/jdk8u73/6086/hotspot/src/share/vm/interpreter/interpreterRuntime.cpp, line 366]
Event: 162,036 Thread 0x00007fbea2882000 Exception <a 'java/lang/ArrayIndexOutOfBoundsException': 38> (0x00000000dccfa720) thrown at [/HUDSON3/workspace/8-2-build-linux-amd64/jdk8u73/6086/hotspot/src/share/vm/interpreter/interpreterRuntime.cpp, line 366]
Event: 396,882 Thread 0x00007fbea2883800 Exception <a 'java/lang/ArrayIndexOutOfBoundsException': 56> (0x00000000dce041d8) thrown at [/HUDSON3/workspace/8-2-build-linux-amd64/jdk8u73/6086/hotspot/src/share/vm/interpreter/interpreterRuntime.cpp, line 366]

Events (10 events):
Event: 396,894 Thread 0x00007fbea2883800 DEOPT UNPACKING pc=0x00007fbe91047633 sp=0x00007fbe412184d0 mode 1
Event: 396,895 loading class com/fasterxml/jackson/databind/ser/impl/PropertySerializerMap$Double
Event: 396,895 loading class com/fasterxml/jackson/databind/ser/impl/PropertySerializerMap$Double done
Event: 396,895 Thread 0x00007fbea2883800 Uncommon trap: trap_request=0xffffffa7 fr.pc=0x00007fbe917b9ed0
Event: 396,895 Thread 0x00007fbea2883800 DEOPT PACKING pc=0x00007fbe917b9ed0 sp=0x00007fbe41216cd0
Event: 396,895 Thread 0x00007fbea2883800 DEOPT UNPACKING pc=0x00007fbe91005229 sp=0x00007fbe41216c88 mode 2
Event: 396,895 Thread 0x00007fbea2883800 DEOPT PACKING pc=0x00007fbe9168bd94 sp=0x00007fbe41216d10
Event: 396,895 Thread 0x00007fbea2883800 DEOPT UNPACKING pc=0x00007fbe91047633 sp=0x00007fbe41216a00 mode 1
Event: 533,675 Executing VM operation: RedefineClasses
Event: 533,712 Executing VM operation: RedefineClasses done


Dynamic libraries:
00400000-00401000 r-xp 00000000 08:07 8913626                            /usr/local/java/jdk1.8.0_73/jre/bin/java
00600000-00601000 rw-p 00000000 08:07 8913626                            /usr/local/java/jdk1.8.0_73/jre/bin/java
007e0000-00801000 rw-p 00000000 00:00 0                                  [heap]
85000000-89700000 rw-p 00000000 00:00 0 
89700000-d7000000 ---p 00000000 00:00 0 
d7000000-edc80000 rw-p 00000000 00:00 0 
edc80000-100000000 ---p 00000000 00:00 0 
100000000-100700000 rw-p 00000000 00:00 0 
100700000-140000000 ---p 00000000 00:00 0 
7fbe0c000000-7fbe0c021000 rw-p 00000000 00:00 0 
7fbe0c021000-7fbe10000000 ---p 00000000 00:00 0 
7fbe10000000-7fbe10021000 rw-p 00000000 00:00 0 
7fbe10021000-7fbe14000000 ---p 00000000 00:00 0 
7fbe14000000-7fbe1403b000 rw-p 00000000 00:00 0 
7fbe1403b000-7fbe18000000 ---p 00000000 00:00 0 
7fbe18000000-7fbe18021000 rw-p 00000000 00:00 0 
7fbe18021000-7fbe1c000000 ---p 00000000 00:00 0 
7fbe1c000000-7fbe1c0c4000 rw-p 00000000 00:00 0 
7fbe1c0c4000-7fbe20000000 ---p 00000000 00:00 0 
7fbe20000000-7fbe2028f000 rw-p 00000000 00:00 0 
7fbe2028f000-7fbe24000000 ---p 00000000 00:00 0 
7fbe24000000-7fbe245aa000 rw-p 00000000 00:00 0 
7fbe245aa000-7fbe28000000 ---p 00000000 00:00 0 
7fbe28000000-7fbe28021000 rw-p 00000000 00:00 0 
7fbe28021000-7fbe2c000000 ---p 00000000 00:00 0 
7fbe2c000000-7fbe2c021000 rw-p 00000000 00:00 0 
7fbe2c021000-7fbe30000000 ---p 00000000 00:00 0 
7fbe30000000-7fbe30021000 rw-p 00000000 00:00 0 
7fbe30021000-7fbe34000000 ---p 00000000 00:00 0 
7fbe34000000-7fbe34021000 rw-p 00000000 00:00 0 
7fbe34021000-7fbe38000000 ---p 00000000 00:00 0 
7fbe38000000-7fbe38021000 rw-p 00000000 00:00 0 
7fbe38021000-7fbe3c000000 ---p 00000000 00:00 0 
7fbe3c000000-7fbe3c2bd000 rw-p 00000000 00:00 0 
7fbe3c2bd000-7fbe40000000 ---p 00000000 00:00 0 
7fbe40512000-7fbe406d2000 rw-p 00000000 00:00 0 
7fbe406d2000-7fbe40712000 ---p 00000000 00:00 0 
7fbe40712000-7fbe40715000 ---p 00000000 00:00 0 
7fbe40715000-7fbe40813000 rw-p 00000000 00:00 0 
7fbe40813000-7fbe40816000 ---p 00000000 00:00 0 
7fbe40816000-7fbe40914000 rw-p 00000000 00:00 0 
7fbe40914000-7fbe40917000 ---p 00000000 00:00 0 
7fbe40917000-7fbe40a15000 rw-p 00000000 00:00 0 
7fbe40a15000-7fbe40a18000 ---p 00000000 00:00 0 
7fbe40a18000-7fbe40b16000 rw-p 00000000 00:00 0 
7fbe40b16000-7fbe40b19000 ---p 00000000 00:00 0 
7fbe40b19000-7fbe40c17000 rw-p 00000000 00:00 0 
7fbe40c17000-7fbe40c1a000 ---p 00000000 00:00 0 
7fbe40c1a000-7fbe40d18000 rw-p 00000000 00:00 0 
7fbe40d18000-7fbe40d1b000 ---p 00000000 00:00 0 
7fbe40d1b000-7fbe40e19000 rw-p 00000000 00:00 0 
7fbe40e19000-7fbe40e1c000 ---p 00000000 00:00 0 
7fbe40e1c000-7fbe40f1a000 rw-p 00000000 00:00 0 
7fbe40f1a000-7fbe40f1d000 ---p 00000000 00:00 0 
7fbe40f1d000-7fbe4101b000 rw-p 00000000 00:00 0 
7fbe4101b000-7fbe4101e000 ---p 00000000 00:00 0 
7fbe4101e000-7fbe4111c000 rw-p 00000000 00:00 0 
7fbe4111c000-7fbe4111f000 ---p 00000000 00:00 0 
7fbe4111f000-7fbe4121d000 rw-p 00000000 00:00 0 
7fbe4121d000-7fbe41220000 ---p 00000000 00:00 0 
7fbe41220000-7fbe4131e000 rw-p 00000000 00:00 0 
7fbe4131e000-7fbe41321000 ---p 00000000 00:00 0 
7fbe41321000-7fbe4141f000 rw-p 00000000 00:00 0 
7fbe4141f000-7fbe41422000 ---p 00000000 00:00 0 
7fbe41422000-7fbe41720000 rw-p 00000000 00:00 0 
7fbe41720000-7fbe41920000 rw-p 00000000 00:00 0 
7fbe41920000-7fbe41b20000 rw-p 00000000 00:00 0 
7fbe41b20000-7fbe41d20000 rw-p 00000000 00:00 0 
7fbe41d20000-7fbe41d23000 ---p 00000000 00:00 0 
7fbe41d23000-7fbe42021000 rw-p 00000000 00:00 0 
7fbe42021000-7fbe42221000 rw-p 00000000 00:00 0 
7fbe4229d000-7fbe4249d000 rw-p 00000000 00:00 0 
7fbe4249d000-7fbe4269d000 rw-p 00000000 00:00 0 
7fbe4269d000-7fbe426a0000 ---p 00000000 00:00 0 
7fbe426a0000-7fbe4279e000 rw-p 00000000 00:00 0 
7fbe4279e000-7fbe427a1000 ---p 00000000 00:00 0 
7fbe427a1000-7fbe4289f000 rw-p 00000000 00:00 0 
7fbe42921000-7fbe42b21000 rw-p 00000000 00:00 0 
7fbe42b21000-7fbe42b24000 ---p 00000000 00:00 0 
7fbe42b24000-7fbe42e22000 rw-p 00000000 00:00 0 
7fbe42e22000-7fbe43022000 rw-p 00000000 00:00 0 
7fbe43022000-7fbe43222000 rw-p 00000000 00:00 0 
7fbe43259000-7fbe43459000 rw-p 00000000 00:00 0 
7fbe43459000-7fbe43659000 rw-p 00000000 00:00 0 
7fbe43659000-7fbe436ee000 r--s 01108000 08:07 8913169                    /usr/local/java/jdk1.8.0_73/jre/lib/ext/jfxrt.jar
7fbe436ee000-7fbe438ee000 rw-p 00000000 00:00 0 
7fbe438ee000-7fbe438ff000 r-xp 00000000 08:07 8785335                    /usr/local/java/jdk1.8.0_73/jre/lib/amd64/libnio.so
7fbe438ff000-7fbe43afe000 ---p 00011000 08:07 8785335                    /usr/local/java/jdk1.8.0_73/jre/lib/amd64/libnio.so
7fbe43afe000-7fbe43aff000 rw-p 00010000 08:07 8785335                    /usr/local/java/jdk1.8.0_73/jre/lib/amd64/libnio.so
7fbe43aff000-7fbe43b02000 ---p 00000000 00:00 0 
7fbe43b02000-7fbe43e00000 rw-p 00000000 00:00 0 
7fbe43e00000-7fbe44000000 rw-p 00000000 00:00 0 
7fbe44000000-7fbe44021000 rw-p 00000000 00:00 0 
7fbe44021000-7fbe48000000 ---p 00000000 00:00 0 
7fbe48000000-7fbe4845f000 rw-p 00000000 00:00 0 
7fbe4845f000-7fbe4c000000 ---p 00000000 00:00 0 
7fbe4c000000-7fbe4d438000 rw-p 00000000 00:00 0 
7fbe4d438000-7fbe50000000 ---p 00000000 00:00 0 
7fbe50000000-7fbe50021000 rw-p 00000000 00:00 0 
7fbe50021000-7fbe54000000 ---p 00000000 00:00 0 
7fbe54000000-7fbe57965000 rw-p 00000000 00:00 0 
7fbe57965000-7fbe58000000 ---p 00000000 00:00 0 
7fbe58000000-7fbe5a77b000 rw-p 00000000 00:00 0 
7fbe5a77b000-7fbe5c000000 ---p 00000000 00:00 0 
7fbe5c000000-7fbe5c021000 rw-p 00000000 00:00 0 
7fbe5c021000-7fbe60000000 ---p 00000000 00:00 0 
7fbe60000000-7fbe60021000 rw-p 00000000 00:00 0 
7fbe60021000-7fbe64000000 ---p 00000000 00:00 0 
7fbe64000000-7fbe64021000 rw-p 00000000 00:00 0 
7fbe64021000-7fbe68000000 ---p 00000000 00:00 0 
7fbe68000000-7fbe682b3000 rw-p 00000000 00:00 0 
7fbe682b3000-7fbe6c000000 ---p 00000000 00:00 0 
7fbe6c000000-7fbe6c021000 rw-p 00000000 00:00 0 
7fbe6c021000-7fbe70000000 ---p 00000000 00:00 0 
7fbe70000000-7fbe70021000 rw-p 00000000 00:00 0 
7fbe70021000-7fbe74000000 ---p 00000000 00:00 0 
7fbe74000000-7fbe74021000 rw-p 00000000 00:00 0 
7fbe74021000-7fbe78000000 ---p 00000000 00:00 0 
7fbe78000000-7fbe7807b000 rw-p 00000000 00:00 0 
7fbe7807b000-7fbe7c000000 ---p 00000000 00:00 0 
7fbe7c000000-7fbe7c021000 rw-p 00000000 00:00 0 
7fbe7c021000-7fbe80000000 ---p 00000000 00:00 0 
7fbe80038000-7fbe8004a000 r--s 00345000 08:07 8658793                    /usr/local/java/jdk1.8.0_73/jre/lib/resources.jar
7fbe8004a000-7fbe80050000 r--s 002f8000 08:07 8658753                    /usr/local/java/jdk1.8.0_73/jre/lib/charsets.jar
7fbe80050000-7fbe80054000 r--s 00097000 08:07 8658752                    /usr/local/java/jdk1.8.0_73/jre/lib/jsse.jar
7fbe80054000-7fbe80254000 rw-p 00000000 00:00 0 
7fbe80254000-7fbe80454000 rw-p 00000000 00:00 0 
7fbe80454000-7fbe80457000 ---p 00000000 00:00 0 
7fbe80457000-7fbe83556000 rw-p 00000000 00:00 0 
7fbe83556000-7fbe8356c000 r-xp 00000000 08:07 8784925                    /usr/local/java/jdk1.8.0_73/jre/lib/amd64/libnet.so
7fbe8356c000-7fbe8376c000 ---p 00016000 08:07 8784925                    /usr/local/java/jdk1.8.0_73/jre/lib/amd64/libnet.so
7fbe8376c000-7fbe8376d000 rw-p 00016000 08:07 8784925                    /usr/local/java/jdk1.8.0_73/jre/lib/amd64/libnet.so
7fbe8376d000-7fbe83775000 r-xp 00000000 08:07 8785346                    /usr/local/java/jdk1.8.0_73/jre/lib/amd64/libmanagement.so
7fbe83775000-7fbe83975000 ---p 00008000 08:07 8785346                    /usr/local/java/jdk1.8.0_73/jre/lib/amd64/libmanagement.so
7fbe83975000-7fbe83976000 rw-p 00008000 08:07 8785346                    /usr/local/java/jdk1.8.0_73/jre/lib/amd64/libmanagement.so
7fbe83976000-7fbe83980000 r--s 00116000 08:07 8913174                    /usr/local/java/jdk1.8.0_73/jre/lib/ext/localedata.jar
7fbe83980000-7fbe8399c000 r--s 00393000 08:07 8913177                    /usr/local/java/jdk1.8.0_73/jre/lib/ext/cldrdata.jar
7fbe8399c000-7fbe839b3000 r--s 000fc000 08:07 1315766                    /home/nandopc001/.m2/repository/org/springframework/spring-core/4.3.10.RELEASE/spring-core-4.3.10.RELEASE.jar
7fbe839b3000-7fbe839c2000 r--s 001ae000 08:07 413813                     /home/nandopc001/.m2/repository/com/h2database/h2/1.4.196/h2-1.4.196.jar
7fbe839c2000-7fbe839c7000 r--s 0003c000 08:07 1315695                    /home/nandopc001/.m2/repository/org/springframework/spring-expression/4.3.10.RELEASE/spring-expression-4.3.10.RELEASE.jar
7fbe839c7000-7fbe839d8000 r--s 000cf000 08:07 1315744                    /home/nandopc001/.m2/repository/org/springframework/spring-webmvc/4.3.10.RELEASE/spring-webmvc-4.3.10.RELEASE.jar
7fbe839d8000-7fbe839e9000 r--s 000b8000 08:07 1315764                    /home/nandopc001/.m2/repository/org/springframework/spring-web/4.3.10.RELEASE/spring-web-4.3.10.RELEASE.jar
7fbe839e9000-7fbe839eb000 r--s 0000e000 08:07 398232                     /home/nandopc001/.m2/repository/com/fasterxml/classmate/1.3.3/classmate-1.3.3.jar
7fbe839eb000-7fbe839ef000 r--s 0000c000 08:07 398230                     /home/nandopc001/.m2/repository/javax/validation/validation-api/1.1.0.Final/validation-api-1.1.0.Final.jar
7fbe839ef000-7fbe83a00000 r--s 000a1000 08:07 1313405                    /home/nandopc001/.m2/repository/org/hibernate/hibernate-validator/5.3.5.Final/hibernate-validator-5.3.5.Final.jar
7fbe83a00000-7fbe83a06000 r--s 00037000 08:07 1315753                    /home/nandopc001/.m2/repository/org/apache/tomcat/embed/tomcat-embed-websocket/8.5.16/tomcat-embed-websocket-8.5.16.jar
7fbe83a06000-7fbe83a0b000 r--s 00036000 08:07 1315724                    /home/nandopc001/.m2/repository/org/apache/tomcat/embed/tomcat-embed-el/8.5.16/tomcat-embed-el-8.5.16.jar
7fbe83a0b000-7fbe83a34000 r--s 002c2000 08:07 1315704                    /home/nandopc001/.m2/repository/org/apache/tomcat/embed/tomcat-embed-core/8.5.16/tomcat-embed-core-8.5.16.jar
7fbe83a34000-7fbe83a35000 r--s 00000000 08:07 1315721                    /home/nandopc001/.m2/repository/org/springframework/boot/spring-boot-starter-tomcat/1.5.6.RELEASE/spring-boot-starter-tomcat-1.5.6.RELEASE.jar
7fbe83a35000-7fbe83a36000 r--s 00000000 08:07 1315742                    /home/nandopc001/.m2/repository/org/springframework/boot/spring-boot-starter-web/1.5.6.RELEASE/spring-boot-starter-web-1.5.6.RELEASE.jar
7fbe83a36000-7fbe83a3f000 r--s 0002d000 08:07 398661                     /home/nandopc001/.m2/repository/xml-apis/xml-apis/1.4.01/xml-apis-1.4.01.jar
7fbe83a3f000-7fbe83a58000 r--s 00134000 08:07 398766                     /home/nandopc001/.m2/repository/xerces/xercesImpl/2.10.0/xercesImpl-2.10.0.jar
7fbe83a58000-7fbe83a5b000 r--s 0001c000 08:07 398764                     /home/nandopc001/.m2/repository/net/sourceforge/nekohtml/nekohtml/1.9.21/nekohtml-1.9.21.jar
7fbe83a5b000-7fbe83aa7000 r--s 0040e000 08:07 1315787                    /home/nandopc001/.m2/repository/org/codehaus/groovy/groovy/2.4.12/groovy-2.4.12.jar
7fbe83aa7000-7fbe83aaa000 r--s 0001a000 08:07 398242                     /home/nandopc001/.m2/repository/nz/net/ultraq/thymeleaf/thymeleaf-layout-dialect/1.4.0/thymeleaf-layout-dialect-1.4.0.jar
7fbe83aaa000-7fbe83aad000 r--s 00020000 08:07 1313433                    /home/nandopc001/.m2/repository/org/unbescape/unbescape/1.1.0.RELEASE/unbescape-1.1.0.RELEASE.jar
7fbe83aad000-7fbe83ab0000 r--s 00035000 08:07 398237                     /home/nandopc001/.m2/repository/ognl/ognl/3.0.8/ognl-3.0.8.jar
7fbe83ab0000-7fbe83abd000 r--s 000b7000 08:07 1313432                    /home/nandopc001/.m2/repository/org/thymeleaf/thymeleaf/2.1.5.RELEASE/thymeleaf-2.1.5.RELEASE.jar
7fbe83abd000-7fbe83ac0000 r--s 00034000 08:07 1313428                    /home/nandopc001/.m2/repository/org/thymeleaf/thymeleaf-spring4/2.1.5.RELEASE/thymeleaf-spring4-2.1.5.RELEASE.jar
7fbe83ac0000-7fbe83ac1000 r--s 00000000 08:07 1315723                    /home/nandopc001/.m2/repository/org/springframework/boot/spring-boot-starter-thymeleaf/1.5.6.RELEASE/spring-boot-starter-thymeleaf-1.5.6.RELEASE.jar
7fbe83ac1000-7fbe83ac3000 r--s 00002000 08:07 1315838                    /home/nandopc001/.m2/repository/org/atteo/evo-inflector/1.2.2/evo-inflector-1.2.2.jar
7fbe83ac3000-7fbe83ac8000 r--s 0002d000 08:07 1315834                    /home/nandopc001/.m2/repository/org/springframework/hateoas/spring-hateoas/0.23.0.RELEASE/spring-hateoas-0.23.0.RELEASE.jar
7fbe83ac8000-7fbe83acd000 r--s 0001b000 08:07 1315832                    /home/nandopc001/.m2/repository/org/springframework/data/spring-data-rest-core/2.6.6.RELEASE/spring-data-rest-core-2.6.6.RELEASE.jar
7fbe83acd000-7fbe83ad4000 r--s 00046000 08:07 1315830                    /home/nandopc001/.m2/repository/org/springframework/data/spring-data-rest-webmvc/2.6.6.RELEASE/spring-data-rest-webmvc-2.6.6.RELEASE.jar
7fbe83ad4000-7fbe83ad8000 r--s 00042000 08:07 413801                     /home/nandopc001/.m2/repository/com/fasterxml/jackson/core/jackson-core/2.8.9/jackson-core-2.8.9.jar
7fbe83ad8000-7fbe83aea000 r--s 0011e000 08:07 413809                     /home/nandopc001/.m2/repository/com/fasterxml/jackson/core/jackson-databind/2.8.9/jackson-databind-2.8.9.jar
7fbe83aea000-7fbe83aed000 r--s 0000b000 08:07 398238                     /home/nandopc001/.m2/repository/com/fasterxml/jackson/core/jackson-annotations/2.8.0/jackson-annotations-2.8.0.jar
7fbe83aed000-7fbe83afb000 r--s 000ad000 08:07 1315714                    /home/nandopc001/.m2/repository/org/springframework/spring-beans/4.3.10.RELEASE/spring-beans-4.3.10.RELEASE.jar
7fbe83afb000-7fbe83afc000 ---p 00000000 00:00 0 
7fbe83afc000-7fbe83bfc000 rw-p 00000000 00:00 0 
7fbe83bfc000-7fbe83bff000 ---p 00000000 00:00 0 
7fbe83bff000-7fbe83cfd000 rw-p 00000000 00:00 0 
7fbe83cfd000-7fbe83d00000 ---p 00000000 00:00 0 
7fbe83d00000-7fbe83dfe000 rw-p 00000000 00:00 0 
7fbe83dfe000-7fbe83e01000 ---p 00000000 00:00 0 
7fbe83e01000-7fbe83eff000 rw-p 00000000 00:00 0 
7fbe83eff000-7fbe83f02000 ---p 00000000 00:00 0 
7fbe83f02000-7fbe84000000 rw-p 00000000 00:00 0 
7fbe84000000-7fbe84021000 rw-p 00000000 00:00 0 
7fbe84021000-7fbe88000000 ---p 00000000 00:00 0 
7fbe88000000-7fbe88001000 r--s 00004000 08:07 1315836                    /home/nandopc001/.m2/repository/org/springframework/plugin/spring-plugin-core/1.2.0.RELEASE/spring-plugin-core-1.2.0.RELEASE.jar
7fbe88001000-7fbe88002000 r--s 00000000 08:07 1315828                    /home/nandopc001/.m2/repository/org/springframework/boot/spring-boot-starter-data-rest/1.5.6.RELEASE/spring-boot-starter-data-rest-1.5.6.RELEASE.jar
7fbe88002000-7fbe88005000 r--s 0000c000 08:07 1315717                    /home/nandopc001/.m2/repository/org/springframework/spring-aspects/4.3.10.RELEASE/spring-aspects-4.3.10.RELEASE.jar
7fbe88005000-7fbe88007000 r--s 00003000 08:07 1313392                    /home/nandopc001/.m2/repository/org/slf4j/jcl-over-slf4j/1.7.25/jcl-over-slf4j-1.7.25.jar
7fbe88007000-7fbe88009000 r--s 00009000 08:07 1313387                    /home/nandopc001/.m2/repository/org/slf4j/slf4j-api/1.7.25/slf4j-api-1.7.25.jar
7fbe88009000-7fbe88011000 r--s 0003a000 08:07 1315696                    /home/nandopc001/.m2/repository/org/springframework/spring-tx/4.3.10.RELEASE/spring-tx-4.3.10.RELEASE.jar
7fbe88011000-7fbe8802a000 r--s 000fe000 08:07 1315692                    /home/nandopc001/.m2/repository/org/springframework/spring-context/4.3.10.RELEASE/spring-context-4.3.10.RELEASE.jar
7fbe8802a000-7fbe88034000 r--s 0006b000 08:07 1315689                    /home/nandopc001/.m2/repository/org/springframework/spring-orm/4.3.10.RELEASE/spring-orm-4.3.10.RELEASE.jar
7fbe88034000-7fbe88046000 r--s 000ad000 08:07 1315705                    /home/nandopc001/.m2/repository/org/springframework/data/spring-data-commons/1.13.6.RELEASE/spring-data-commons-1.13.6.RELEASE.jar
7fbe88046000-7fbe8804d000 r--s 00040000 08:07 1315703                    /home/nandopc001/.m2/repository/org/springframework/data/spring-data-jpa/1.11.6.RELEASE/spring-data-jpa-1.11.6.RELEASE.jar
7fbe8804d000-7fbe8804f000 r--s 00006000 08:07 398228                     /home/nandopc001/.m2/repository/javax/transaction/javax.transaction-api/1.2/javax.transaction-api-1.2.jar
7fbe8804f000-7fbe8805c000 r--s 00089000 08:07 1313373                    /home/nandopc001/.m2/repository/org/hibernate/hibernate-entitymanager/5.0.12.Final/hibernate-entitymanager-5.0.12.Final.jar
7fbe8805c000-7fbe8805f000 r--s 00010000 08:07 1313372                    /home/nandopc001/.m2/repository/org/hibernate/common/hibernate-commons-annotations/5.0.1.Final/hibernate-commons-annotations-5.0.1.Final.jar
7fbe8805f000-7fbe88064000 r--s 00048000 08:07 398226                     /home/nandopc001/.m2/repository/dom4j/dom4j/1.6.1/dom4j-1.6.1.jar
7fbe88064000-7fbe88067000 r--s 0002b000 08:07 1313370                    /home/nandopc001/.m2/repository/org/jboss/jandex/2.0.0.Final/jandex-2.0.0.Final.jar
7fbe88067000-7fbe8806c000 r--s 00068000 08:07 398221                     /home/nandopc001/.m2/repository/antlr/antlr/2.7.7/antlr-2.7.7.jar
7fbe8806c000-7fbe88076000 r--s 000aa000 08:07 1313368                    /home/nandopc001/.m2/repository/org/javassist/javassist/3.21.0-GA/javassist-3.21.0-GA.jar
7fbe88076000-7fbe8807b000 r--s 00017000 08:07 1313365                    /home/nandopc001/.m2/repository/org/hibernate/javax/persistence/hibernate-jpa-2.1-api/1.0.0.Final/hibernate-jpa-2.1-api-1.0.0.Final.jar
7fbe8807b000-7fbe8807e000 r--s 0000e000 08:07 1313364                    /home/nandopc001/.m2/repository/org/jboss/logging/jboss-logging/3.3.1.Final/jboss-logging-3.3.1.Final.jar
7fbe8807e000-7fbe88081000 ---p 00000000 00:00 0 
7fbe88081000-7fbe8817f000 rw-p 00000000 00:00 0 
7fbe8817f000-7fbe88182000 ---p 00000000 00:00 0 
7fbe88182000-7fbe8c000000 rw-p 00000000 00:00 0 
7fbe8c000000-7fbe8c021000 rw-p 00000000 00:00 0 
7fbe8c021000-7fbe90000000 ---p 00000000 00:00 0 
7fbe90000000-7fbe90069000 r--s 004f3000 08:07 1313363                    /home/nandopc001/.m2/repository/org/hibernate/hibernate-core/5.0.12.Final/hibernate-core-5.0.12.Final.jar
7fbe90069000-7fbe90073000 r--s 0005f000 08:07 1315701                    /home/nandopc001/.m2/repository/org/springframework/spring-jdbc/4.3.10.RELEASE/spring-jdbc-4.3.10.RELEASE.jar
7fbe90073000-7fbe90074000 r--s 0000a000 08:07 1315698                    /home/nandopc001/.m2/repository/org/apache/tomcat/tomcat-juli/8.5.16/tomcat-juli-8.5.16.jar
7fbe90074000-7fbe9008c000 r--s 001bf000 08:07 1313352                    /home/nandopc001/.m2/repository/org/aspectj/aspectjweaver/1.8.10/aspectjweaver-1.8.10.jar
7fbe9008c000-7fbe900ad000 r--s 000e5000 08:07 1315687                    /home/nandopc001/.m2/repository/org/springframework/boot/spring-boot-autoconfigure/1.5.6.RELEASE/spring-boot-autoconfigure-1.5.6.RELEASE.jar
7fbe900ad000-7fbe900b0000 ---p 00000000 00:00 0 
7fbe900b0000-7fbe901ae000 rw-p 00000000 00:00 0 
7fbe901ae000-7fbe901b2000 r-xp 00000000 08:07 8785351                    /usr/local/java/jdk1.8.0_73/jre/lib/amd64/libdt_socket.so
7fbe901b2000-7fbe903b1000 ---p 00004000 08:07 8785351                    /usr/local/java/jdk1.8.0_73/jre/lib/amd64/libdt_socket.so
7fbe903b1000-7fbe903b2000 rw-p 00003000 08:07 8785351                    /usr/local/java/jdk1.8.0_73/jre/lib/amd64/libdt_socket.so
7fbe903b2000-7fbe903b5000 ---p 00000000 00:00 0 
7fbe903b5000-7fbe904b3000 rw-p 00000000 00:00 0 
7fbe904b3000-7fbe904b6000 ---p 00000000 00:00 0 
7fbe904b6000-7fbe905b4000 rw-p 00000000 00:00 0 
7fbe905b4000-7fbe905b7000 ---p 00000000 00:00 0 
7fbe905b7000-7fbe906b5000 rw-p 00000000 00:00 0 
7fbe906b5000-7fbe906b6000 ---p 00000000 00:00 0 
7fbe906b6000-7fbe91000000 rw-p 00000000 00:00 0 
7fbe91000000-7fbe91f70000 rwxp 00000000 00:00 0 
7fbe91f70000-7fbea0000000 ---p 00000000 00:00 0 
7fbea0000000-7fbea28dc000 rw-p 00000000 00:00 0 
7fbea28dc000-7fbea4000000 ---p 00000000 00:00 0 
7fbea4000000-7fbea4009000 r--s 00054000 08:07 1315674                    /home/nandopc001/.m2/repository/org/springframework/spring-aop/4.3.10.RELEASE/spring-aop-4.3.10.RELEASE.jar
7fbea4009000-7fbea400f000 r--s 0003d000 08:07 1313348                    /home/nandopc001/.m2/repository/org/yaml/snakeyaml/1.17/snakeyaml-1.17.jar
7fbea400f000-7fbea401a000 r--s 0006a000 08:07 398220                     /home/nandopc001/.m2/repository/ch/qos/logback/logback-core/1.1.11/logback-core-1.1.11.jar
7fbea401a000-7fbea47b2000 rw-p 00000000 00:00 0 
7fbea47b2000-7fbea498a000 r--s 03d23000 08:07 8658774                    /usr/local/java/jdk1.8.0_73/jre/lib/rt.jar
7fbea498a000-7fbea55d8000 rw-p 00000000 00:00 0 
7fbea55d8000-7fbea55d9000 ---p 00000000 00:00 0 
7fbea55d9000-7fbea56d9000 rw-p 00000000 00:00 0 
7fbea56d9000-7fbea56da000 ---p 00000000 00:00 0 
7fbea56da000-7fbea57da000 rw-p 00000000 00:00 0 
7fbea57da000-7fbea57db000 ---p 00000000 00:00 0 
7fbea57db000-7fbea58db000 rw-p 00000000 00:00 0 
7fbea58db000-7fbea58dc000 ---p 00000000 00:00 0 
7fbea58dc000-7fbea5a00000 rw-p 00000000 00:00 0 
7fbea5a00000-7fbea5c6c000 ---p 00000000 00:00 0 
7fbea5c6c000-7fbea5c90000 rw-p 00000000 00:00 0 
7fbea5c90000-7fbea5efc000 ---p 00000000 00:00 0 
7fbea5efc000-7fbea5fb3000 rw-p 00000000 00:00 0 
7fbea5fb3000-7fbea6044000 ---p 00000000 00:00 0 
7fbea6044000-7fbea6083000 rw-p 00000000 00:00 0 
7fbea6083000-7fbea6405000 ---p 00000000 00:00 0 
7fbea6405000-7fbea641f000 r-xp 00000000 08:07 8785333                    /usr/local/java/jdk1.8.0_73/jre/lib/amd64/libzip.so
7fbea641f000-7fbea661f000 ---p 0001a000 08:07 8785333                    /usr/local/java/jdk1.8.0_73/jre/lib/amd64/libzip.so
7fbea661f000-7fbea6620000 rw-p 0001a000 08:07 8785333                    /usr/local/java/jdk1.8.0_73/jre/lib/amd64/libzip.so
7fbea6620000-7fbea662b000 r-xp 00000000 08:07 8913151                    /lib/x86_64-linux-gnu/libnss_files-2.23.so
7fbea662b000-7fbea682a000 ---p 0000b000 08:07 8913151                    /lib/x86_64-linux-gnu/libnss_files-2.23.so
7fbea682a000-7fbea682b000 r--p 0000a000 08:07 8913151                    /lib/x86_64-linux-gnu/libnss_files-2.23.so
7fbea682b000-7fbea682c000 rw-p 0000b000 08:07 8913151                    /lib/x86_64-linux-gnu/libnss_files-2.23.so
7fbea682c000-7fbea6832000 rw-p 00000000 00:00 0 
7fbea6832000-7fbea683d000 r-xp 00000000 08:07 8917117                    /lib/x86_64-linux-gnu/libnss_nis-2.23.so
7fbea683d000-7fbea6a3c000 ---p 0000b000 08:07 8917117                    /lib/x86_64-linux-gnu/libnss_nis-2.23.so
7fbea6a3c000-7fbea6a3d000 r--p 0000a000 08:07 8917117                    /lib/x86_64-linux-gnu/libnss_nis-2.23.so
7fbea6a3d000-7fbea6a3e000 rw-p 0000b000 08:07 8917117                    /lib/x86_64-linux-gnu/libnss_nis-2.23.so
7fbea6a3e000-7fbea6a54000 r-xp 00000000 08:07 8912946                    /lib/x86_64-linux-gnu/libnsl-2.23.so
7fbea6a54000-7fbea6c53000 ---p 00016000 08:07 8912946                    /lib/x86_64-linux-gnu/libnsl-2.23.so
7fbea6c53000-7fbea6c54000 r--p 00015000 08:07 8912946                    /lib/x86_64-linux-gnu/libnsl-2.23.so
7fbea6c54000-7fbea6c55000 rw-p 00016000 08:07 8912946                    /lib/x86_64-linux-gnu/libnsl-2.23.so
7fbea6c55000-7fbea6c57000 rw-p 00000000 00:00 0 
7fbea6c57000-7fbea6c5f000 r-xp 00000000 08:07 8919047                    /lib/x86_64-linux-gnu/libnss_compat-2.23.so
7fbea6c5f000-7fbea6e5e000 ---p 00008000 08:07 8919047                    /lib/x86_64-linux-gnu/libnss_compat-2.23.so
7fbea6e5e000-7fbea6e5f000 r--p 00007000 08:07 8919047                    /lib/x86_64-linux-gnu/libnss_compat-2.23.so
7fbea6e5f000-7fbea6e60000 rw-p 00008000 08:07 8919047                    /lib/x86_64-linux-gnu/libnss_compat-2.23.so
7fbea6e60000-7fbea713a000 r--p 00000000 08:07 8126723                    /usr/lib/locale/locale-archive
7fbea713a000-7fbea713c000 r-xp 00000000 08:07 8785341                    /usr/local/java/jdk1.8.0_73/jre/lib/amd64/libnpt.so
7fbea713c000-7fbea733c000 ---p 00002000 08:07 8785341                    /usr/local/java/jdk1.8.0_73/jre/lib/amd64/libnpt.so
7fbea733c000-7fbea733d000 rw-p 00002000 08:07 8785341                    /usr/local/java/jdk1.8.0_73/jre/lib/amd64/libnpt.so
7fbea733d000-7fbea7376000 r-xp 00000000 08:07 8784539                    /usr/local/java/jdk1.8.0_73/jre/lib/amd64/libjdwp.so
7fbea7376000-7fbea7575000 ---p 00039000 08:07 8784539                    /usr/local/java/jdk1.8.0_73/jre/lib/amd64/libjdwp.so
7fbea7575000-7fbea7577000 rw-p 00038000 08:07 8784539                    /usr/local/java/jdk1.8.0_73/jre/lib/amd64/libjdwp.so
7fbea7577000-7fbea75a1000 r-xp 00000000 08:07 8785359                    /usr/local/java/jdk1.8.0_73/jre/lib/amd64/libjava.so
7fbea75a1000-7fbea77a1000 ---p 0002a000 08:07 8785359                    /usr/local/java/jdk1.8.0_73/jre/lib/amd64/libjava.so
7fbea77a1000-7fbea77a3000 rw-p 0002a000 08:07 8785359                    /usr/local/java/jdk1.8.0_73/jre/lib/amd64/libjava.so
7fbea77a3000-7fbea77b0000 r-xp 00000000 08:07 8784926                    /usr/local/java/jdk1.8.0_73/jre/lib/amd64/libverify.so
7fbea77b0000-7fbea79b0000 ---p 0000d000 08:07 8784926                    /usr/local/java/jdk1.8.0_73/jre/lib/amd64/libverify.so
7fbea79b0000-7fbea79b2000 rw-p 0000d000 08:07 8784926                    /usr/local/java/jdk1.8.0_73/jre/lib/amd64/libverify.so
7fbea79b2000-7fbea79b9000 r-xp 00000000 08:07 8917172                    /lib/x86_64-linux-gnu/librt-2.23.so
7fbea79b9000-7fbea7bb8000 ---p 00007000 08:07 8917172                    /lib/x86_64-linux-gnu/librt-2.23.so
7fbea7bb8000-7fbea7bb9000 r--p 00006000 08:07 8917172                    /lib/x86_64-linux-gnu/librt-2.23.so
7fbea7bb9000-7fbea7bba000 rw-p 00007000 08:07 8917172                    /lib/x86_64-linux-gnu/librt-2.23.so
7fbea7bba000-7fbea7cc2000 r-xp 00000000 08:07 8919057                    /lib/x86_64-linux-gnu/libm-2.23.so
7fbea7cc2000-7fbea7ec1000 ---p 00108000 08:07 8919057                    /lib/x86_64-linux-gnu/libm-2.23.so
7fbea7ec1000-7fbea7ec2000 r--p 00107000 08:07 8919057                    /lib/x86_64-linux-gnu/libm-2.23.so
7fbea7ec2000-7fbea7ec3000 rw-p 00108000 08:07 8919057                    /lib/x86_64-linux-gnu/libm-2.23.so
7fbea7ec3000-7fbea8b82000 r-xp 00000000 08:07 8913114                    /usr/local/java/jdk1.8.0_73/jre/lib/amd64/server/libjvm.so
7fbea8b82000-7fbea8d81000 ---p 00cbf000 08:07 8913114                    /usr/local/java/jdk1.8.0_73/jre/lib/amd64/server/libjvm.so
7fbea8d81000-7fbea8e5a000 rw-p 00cbe000 08:07 8913114                    /usr/local/java/jdk1.8.0_73/jre/lib/amd64/server/libjvm.so
7fbea8e5a000-7fbea8ea3000 rw-p 00000000 00:00 0 
7fbea8ea3000-7fbea9063000 r-xp 00000000 08:07 8919067                    /lib/x86_64-linux-gnu/libc-2.23.so
7fbea9063000-7fbea9263000 ---p 001c0000 08:07 8919067                    /lib/x86_64-linux-gnu/libc-2.23.so
7fbea9263000-7fbea9267000 r--p 001c0000 08:07 8919067                    /lib/x86_64-linux-gnu/libc-2.23.so
7fbea9267000-7fbea9269000 rw-p 001c4000 08:07 8919067                    /lib/x86_64-linux-gnu/libc-2.23.so
7fbea9269000-7fbea926d000 rw-p 00000000 00:00 0 
7fbea926d000-7fbea9270000 r-xp 00000000 08:07 8917204                    /lib/x86_64-linux-gnu/libdl-2.23.so
7fbea9270000-7fbea946f000 ---p 00003000 08:07 8917204                    /lib/x86_64-linux-gnu/libdl-2.23.so
7fbea946f000-7fbea9470000 r--p 00002000 08:07 8917204                    /lib/x86_64-linux-gnu/libdl-2.23.so
7fbea9470000-7fbea9471000 rw-p 00003000 08:07 8917204                    /lib/x86_64-linux-gnu/libdl-2.23.so
7fbea9471000-7fbea9486000 r-xp 00000000 08:07 8785349                    /usr/local/java/jdk1.8.0_73/jre/lib/amd64/jli/libjli.so
7fbea9486000-7fbea9686000 ---p 00015000 08:07 8785349                    /usr/local/java/jdk1.8.0_73/jre/lib/amd64/jli/libjli.so
7fbea9686000-7fbea9687000 rw-p 00015000 08:07 8785349                    /usr/local/java/jdk1.8.0_73/jre/lib/amd64/jli/libjli.so
7fbea9687000-7fbea969f000 r-xp 00000000 08:07 8917114                    /lib/x86_64-linux-gnu/libpthread-2.23.so
7fbea969f000-7fbea989e000 ---p 00018000 08:07 8917114                    /lib/x86_64-linux-gnu/libpthread-2.23.so
7fbea989e000-7fbea989f000 r--p 00017000 08:07 8917114                    /lib/x86_64-linux-gnu/libpthread-2.23.so
7fbea989f000-7fbea98a0000 rw-p 00018000 08:07 8917114                    /lib/x86_64-linux-gnu/libpthread-2.23.so
7fbea98a0000-7fbea98a4000 rw-p 00000000 00:00 0 
7fbea98a4000-7fbea98ca000 r-xp 00000000 08:07 8912997                    /lib/x86_64-linux-gnu/ld-2.23.so
7fbea98ca000-7fbea98cd000 r--s 00021000 08:07 1315697                    /home/nandopc001/.m2/repository/org/apache/tomcat/tomcat-jdbc/8.5.16/tomcat-jdbc-8.5.16.jar
7fbea98cd000-7fbea98ce000 r--s 00000000 08:07 1315694                    /home/nandopc001/.m2/repository/org/springframework/boot/spring-boot-starter-jdbc/1.5.6.RELEASE/spring-boot-starter-jdbc-1.5.6.RELEASE.jar
7fbea98ce000-7fbea98d5000 r--s 00045000 08:07 398222                     /home/nandopc001/.m2/repository/ch/qos/logback/logback-classic/1.1.11/logback-classic-1.1.11.jar
7fbea98d5000-7fbea99a0000 rw-p 00000000 00:00 0 
7fbea99a0000-7fbea99a3000 ---p 00000000 00:00 0 
7fbea99a3000-7fbea9aa5000 rw-p 00000000 00:00 0 
7fbea9aa5000-7fbea9aa6000 r--s 00000000 08:07 1315690                    /home/nandopc001/.m2/repository/org/springframework/boot/spring-boot-starter-aop/1.5.6.RELEASE/spring-boot-starter-aop-1.5.6.RELEASE.jar
7fbea9aa6000-7fbea9aa8000 r--s 00004000 08:07 1313347                    /home/nandopc001/.m2/repository/org/slf4j/log4j-over-slf4j/1.7.25/log4j-over-slf4j-1.7.25.jar
7fbea9aa8000-7fbea9aaa000 r--s 00000000 08:07 1313343                    /home/nandopc001/.m2/repository/org/slf4j/jul-to-slf4j/1.7.25/jul-to-slf4j-1.7.25.jar
7fbea9aaa000-7fbea9aab000 r--s 00000000 08:07 1315688                    /home/nandopc001/.m2/repository/org/springframework/boot/spring-boot-starter-logging/1.5.6.RELEASE/spring-boot-starter-logging-1.5.6.RELEASE.jar
7fbea9aab000-7fbea9abb000 r--s 00095000 08:07 1315685                    /home/nandopc001/.m2/repository/org/springframework/boot/spring-boot/1.5.6.RELEASE/spring-boot-1.5.6.RELEASE.jar
7fbea9abb000-7fbea9abc000 r--s 00000000 08:07 1315684                    /home/nandopc001/.m2/repository/org/springframework/boot/spring-boot-starter/1.5.6.RELEASE/spring-boot-starter-1.5.6.RELEASE.jar
7fbea9abc000-7fbea9abd000 r--s 00000000 08:07 1315682                    /home/nandopc001/.m2/repository/org/springframework/boot/spring-boot-starter-data-jpa/1.5.6.RELEASE/spring-boot-starter-data-jpa-1.5.6.RELEASE.jar
7fbea9abd000-7fbea9ac5000 rw-s 00000000 08:07 9699926                    /tmp/hsperfdata_nandopc001/9222
7fbea9ac5000-7fbea9ac6000 rw-p 00000000 00:00 0 
7fbea9ac6000-7fbea9ac7000 r--p 00000000 00:00 0 
7fbea9ac7000-7fbea9ac9000 rw-p 00000000 00:00 0 
7fbea9ac9000-7fbea9aca000 r--p 00025000 08:07 8912997                    /lib/x86_64-linux-gnu/ld-2.23.so
7fbea9aca000-7fbea9acb000 rw-p 00026000 08:07 8912997                    /lib/x86_64-linux-gnu/ld-2.23.so
7fbea9acb000-7fbea9acc000 rw-p 00000000 00:00 0 
7fffbc997000-7fffbc9ba000 rw-p 00000000 00:00 0                          [stack]
7fffbc9c7000-7fffbc9c9000 r--p 00000000 00:00 0                          [vvar]
7fffbc9c9000-7fffbc9cb000 r-xp 00000000 00:00 0                          [vdso]
ffffffffff600000-ffffffffff601000 r-xp 00000000 00:00 0                  [vsyscall]

VM Arguments:
jvm_args: -Xdebug -Xrunjdwp:transport=dt_socket,server=y,suspend=y,address=5005 
java_command: com.intertec.listusername.UsernameApplication
java_class_path (initial): /home/nandopc001/workspace_intertec/username/target/classes:/home/nandopc001/.m2/repository/org/springframework/boot/spring-boot-starter-data-jpa/1.5.6.RELEASE/spring-boot-starter-data-jpa-1.5.6.RELEASE.jar:/home/nandopc001/.m2/repository/org/springframework/boot/spring-boot-starter/1.5.6.RELEASE/spring-boot-starter-1.5.6.RELEASE.jar:/home/nandopc001/.m2/repository/org/springframework/boot/spring-boot/1.5.6.RELEASE/spring-boot-1.5.6.RELEASE.jar:/home/nandopc001/.m2/repository/org/springframework/boot/spring-boot-autoconfigure/1.5.6.RELEASE/spring-boot-autoconfigure-1.5.6.RELEASE.jar:/home/nandopc001/.m2/repository/org/springframework/boot/spring-boot-starter-logging/1.5.6.RELEASE/spring-boot-starter-logging-1.5.6.RELEASE.jar:/home/nandopc001/.m2/repository/ch/qos/logback/logback-classic/1.1.11/logback-classic-1.1.11.jar:/home/nandopc001/.m2/repository/ch/qos/logback/logback-core/1.1.11/logback-core-1.1.11.jar:/home/nandopc001/.m2/repository/org/slf4j/jul-to-slf4j/1.7.25/jul-to-slf4j-1.7.25.jar:/home/nandopc001/.m2/repository/org/slf4j/log4j-over-slf4j/1.7.25/log4j-over-slf4j-1.7.25.jar:/home/nandopc001/.m2/repository/org/yaml/snakeyaml/1.17/snakeyaml-1.17.jar:/home/nandopc001/.m2/repository/org/springframework/boot/spring-boot-starter-aop/1.5.6.RELEASE/spring-boot-starter-aop-1.5.6.RELEASE.jar:/home/nandopc001/.m2/repository/org/springframework/spring-aop/4.3.10.RELEASE/spring-aop-4.3.10.RELEASE.jar:/home/nandopc001/.m2/repository/org/aspectj/aspectjweaver/1.8.10/aspectjweaver-1.8.10.jar:/home/nandopc001/.m2/repository/org/springframework/boot/spring-boot-starter-jdbc/1.5.6.RELEASE/spring-boot-starter-jdbc-1.5.6.RELEASE.jar:/home/nandopc001/.m2/repository/org/apache/tomcat/tomcat-jdbc/8.5.16/tomcat-jdbc-8.5.16.jar:/home/nandopc001/.m2/repository/org/apache/tomcat/tomcat-juli/8.5.16/tomcat-juli-8.5.16.jar:/home/nandopc001/.m2/repository/org/springframework/spring-jdbc/4.3.10.RELEASE/spring-jdbc-4.3.10.RELEASE.jar:/home/nandopc001/.m2/repo
Launcher Type: SUN_STANDARD

Environment Variables:
JAVA_HOME=/usr/local/java/jdk1.8.0_73
PATH=/usr/local/sbin:/usr/local/bin:/usr/sbin:/usr/bin:/sbin:/bin:/usr/games:/usr/local/games:/snap/bin:/home/nandopc001/bin:/usr/local/java/jdk1.7.0_79/bin:/home/nandopc001/eclipse/jee-neon/eclipse
SHELL=/bin/bash
DISPLAY=:0

Signal Handlers:
SIGSEGV: [libjvm.so+0xabafa0], sa_mask[0]=11111111011111111101111111111110, sa_flags=SA_RESTART|SA_SIGINFO
SIGBUS: [libjvm.so+0xabafa0], sa_mask[0]=11111111011111111101111111111110, sa_flags=SA_RESTART|SA_SIGINFO
SIGFPE: [libjvm.so+0x9183c0], sa_mask[0]=11111111011111111101111111111110, sa_flags=SA_RESTART|SA_SIGINFO
SIGPIPE: [libjvm.so+0x9183c0], sa_mask[0]=11111111011111111101111111111110, sa_flags=SA_RESTART|SA_SIGINFO
SIGXFSZ: [libjvm.so+0x9183c0], sa_mask[0]=11111111011111111101111111111110, sa_flags=SA_RESTART|SA_SIGINFO
SIGILL: [libjvm.so+0x9183c0], sa_mask[0]=11111111011111111101111111111110, sa_flags=SA_RESTART|SA_SIGINFO
SIGUSR1: SIG_DFL, sa_mask[0]=00000000000000000000000000000000, sa_flags=none
SIGUSR2: [libjvm.so+0x9199f0], sa_mask[0]=00100000000000000000000000000000, sa_flags=SA_RESTART|SA_SIGINFO
SIGHUP: [libjvm.so+0x91adf0], sa_mask[0]=11111111011111111101111111111110, sa_flags=SA_RESTART|SA_SIGINFO
SIGINT: [libjvm.so+0x91adf0], sa_mask[0]=11111111011111111101111111111110, sa_flags=SA_RESTART|SA_SIGINFO
SIGTERM: [libjvm.so+0x91adf0], sa_mask[0]=11111111011111111101111111111110, sa_flags=SA_RESTART|SA_SIGINFO
SIGQUIT: [libjvm.so+0x91adf0], sa_mask[0]=11111111011111111101111111111110, sa_flags=SA_RESTART|SA_SIGINFO


---------------  S Y S T E M  ---------------

OS:DISTRIB_ID=Ubuntu
DISTRIB_RELEASE=16.04
DISTRIB_CODENAME=xenial
DISTRIB_DESCRIPTION="Ubuntu 16.04.2 LTS"

uname:Linux 4.4.0-87-generic #110-Ubuntu SMP Tue Jul 18 12:55:35 UTC 2017 x86_64
libc:glibc 2.23 NPTL 2.23 
rlimit: STACK 8192k, CORE 0k, NPROC 30539, NOFILE 1048576, AS infinity
load average:0,33 0,47 0,53

/proc/meminfo:
MemTotal:        8055836 kB
MemFree:          165108 kB
MemAvailable:    2317816 kB
Buffers:          655180 kB
Cached:          1959068 kB
SwapCached:           40 kB
Active:          5092252 kB
Inactive:        2227840 kB
Active(anon):    4001712 kB
Inactive(anon):  1137376 kB
Active(file):    1090540 kB
Inactive(file):  1090464 kB
Unevictable:         672 kB
Mlocked:             672 kB
SwapTotal:       8268796 kB
SwapFree:        8263216 kB
Dirty:               108 kB
Writeback:             0 kB
AnonPages:       4706540 kB
Mapped:           593744 kB
Shmem:            433248 kB
Slab:             435688 kB
SReclaimable:     276576 kB
SUnreclaim:       159112 kB
KernelStack:       14240 kB
PageTables:        57692 kB
NFS_Unstable:          0 kB
Bounce:                0 kB
WritebackTmp:          0 kB
CommitLimit:    12296712 kB
Committed_AS:   11984220 kB
VmallocTotal:   34359738367 kB
VmallocUsed:           0 kB
VmallocChunk:          0 kB
HardwareCorrupted:     0 kB
AnonHugePages:   2172928 kB
CmaTotal:              0 kB
CmaFree:               0 kB
HugePages_Total:       0
HugePages_Free:        0
HugePages_Rsvd:        0
HugePages_Surp:        0
Hugepagesize:       2048 kB
DirectMap4k:      224856 kB
DirectMap2M:     8044544 kB
DirectMap1G:           0 kB


CPU:total 4 (2 cores per cpu, 2 threads per core) family 6 model 69 stepping 1, cmov, cx8, fxsr, mmx, sse, sse2, sse3, ssse3, sse4.1, sse4.2, popcnt, avx, avx2, aes, clmul, erms, lzcnt, ht, tsc, tscinvbit, bmi1, bmi2

/proc/cpuinfo:
processor	: 0
vendor_id	: GenuineIntel
cpu family	: 6
model		: 69
model name	: Intel(R) Core(TM) i7-4500U CPU @ 1.80GHz
stepping	: 1
microcode	: 0x15
cpu MHz		: 2699.906
cache size	: 4096 KB
physical id	: 0
siblings	: 4
core id		: 0
cpu cores	: 2
apicid		: 0
initial apicid	: 0
fpu		: yes
fpu_exception	: yes
cpuid level	: 13
wp		: yes
flags		: fpu vme de pse tsc msr pae mce cx8 apic sep mtrr pge mca cmov pat pse36 clflush dts acpi mmx fxsr sse sse2 ss ht tm pbe syscall nx pdpe1gb rdtscp lm constant_tsc arch_perfmon pebs bts rep_good nopl xtopology nonstop_tsc aperfmperf eagerfpu pni pclmulqdq dtes64 monitor ds_cpl vmx est tm2 ssse3 sdbg fma cx16 xtpr pdcm pcid sse4_1 sse4_2 movbe popcnt tsc_deadline_timer aes xsave avx f16c rdrand lahf_lm abm epb tpr_shadow vnmi flexpriority ept vpid fsgsbase tsc_adjust bmi1 avx2 smep bmi2 erms invpcid xsaveopt dtherm ida arat pln pts
bugs		:
bogomips	: 4788.75
clflush size	: 64
cache_alignment	: 64
address sizes	: 39 bits physical, 48 bits virtual
power management:

processor	: 1
vendor_id	: GenuineIntel
cpu family	: 6
model		: 69
model name	: Intel(R) Core(TM) i7-4500U CPU @ 1.80GHz
stepping	: 1
microcode	: 0x15
cpu MHz		: 2995.312
cache size	: 4096 KB
physical id	: 0
siblings	: 4
core id		: 1
cpu cores	: 2
apicid		: 2
initial apicid	: 2
fpu		: yes
fpu_exception	: yes
cpuid level	: 13
wp		: yes
flags		: fpu vme de pse tsc msr pae mce cx8 apic sep mtrr pge mca cmov pat pse36 clflush dts acpi mmx fxsr sse sse2 ss ht tm pbe syscall nx pdpe1gb rdtscp lm constant_tsc arch_perfmon pebs bts rep_good nopl xtopology nonstop_tsc aperfmperf eagerfpu pni pclmulqdq dtes64 monitor ds_cpl vmx est tm2 ssse3 sdbg fma cx16 xtpr pdcm pcid sse4_1 sse4_2 movbe popcnt tsc_deadline_timer aes xsave avx f16c rdrand lahf_lm abm epb tpr_shadow vnmi flexpriority ept vpid fsgsbase tsc_adjust bmi1 avx2 smep bmi2 erms invpcid xsaveopt dtherm ida arat pln pts
bugs		:
bogomips	: 4788.75
clflush size	: 64
cache_alignment	: 64
address sizes	: 39 bits physical, 48 bits virtual
power management:

processor	: 2
vendor_id	: GenuineIntel
cpu family	: 6
model		: 69
model name	: Intel(R) Core(TM) i7-4500U CPU @ 1.80GHz
stepping	: 1
microcode	: 0x15
cpu MHz		: 2699.812
cache size	: 4096 KB
physical id	: 0
siblings	: 4
core id		: 0
cpu cores	: 2
apicid		: 1
initial apicid	: 1
fpu		: yes
fpu_exception	: yes
cpuid level	: 13
wp		: yes
flags		: fpu vme de pse tsc msr pae mce cx8 apic sep mtrr pge mca cmov pat pse36 clflush dts acpi mmx fxsr sse sse2 ss ht tm pbe syscall nx pdpe1gb rdtscp lm constant_tsc arch_perfmon pebs bts rep_good nopl xtopology nonstop_tsc aperfmperf eagerfpu pni pclmulqdq dtes64 monitor ds_cpl vmx est tm2 ssse3 sdbg fma cx16 xtpr pdcm pcid sse4_1 sse4_2 movbe popcnt tsc_deadline_timer aes xsave avx f16c rdrand lahf_lm abm epb tpr_shadow vnmi flexpriority ept vpid fsgsbase tsc_adjust bmi1 avx2 smep bmi2 erms invpcid xsaveopt dtherm ida arat pln pts
bugs		:
bogomips	: 4788.75
clflush size	: 64
cache_alignment	: 64
address sizes	: 39 bits physical, 48 bits virtual
power management:

processor	: 3
vendor_id	: GenuineIntel
cpu family	: 6
model		: 69
model name	: Intel(R) Core(TM) i7-4500U CPU @ 1.80GHz
stepping	: 1
microcode	: 0x15
cpu MHz		: 2699.906
cache size	: 4096 KB
physical id	: 0
siblings	: 4
core id		: 1
cpu cores	: 2
apicid		: 3
initial apicid	: 3
fpu		: yes
fpu_exception	: yes
cpuid level	: 13
wp		: yes
flags		: fpu vme de pse tsc msr pae mce cx8 apic sep mtrr pge mca cmov pat pse36 clflush dts acpi mmx fxsr sse sse2 ss ht tm pbe syscall nx pdpe1gb rdtscp lm constant_tsc arch_perfmon pebs bts rep_good nopl xtopology nonstop_tsc aperfmperf eagerfpu pni pclmulqdq dtes64 monitor ds_cpl vmx est tm2 ssse3 sdbg fma cx16 xtpr pdcm pcid sse4_1 sse4_2 movbe popcnt tsc_deadline_timer aes xsave avx f16c rdrand lahf_lm abm epb tpr_shadow vnmi flexpriority ept vpid fsgsbase tsc_adjust bmi1 avx2 smep bmi2 erms invpcid xsaveopt dtherm ida arat pln pts
bugs		:
bogomips	: 4788.75
clflush size	: 64
cache_alignment	: 64
address sizes	: 39 bits physical, 48 bits virtual
power management:



Memory: 4k page, physical 8055836k(165108k free), swap 8268796k(8263216k free)

vm_info: Java HotSpot(TM) 64-Bit Server VM (25.73-b02) for linux-amd64 JRE (1.8.0_73-b02), built on Jan 29 2016 17:39:45 by "java_re" with gcc 4.3.0 20080428 (Red Hat 4.3.0-8)

time: Thu Aug  3 21:26:41 2017
elapsed time: 533 seconds (0d 0h 8m 53s)

